<?xml version="1.0" encoding="UTF-8"?>
<testng-results ignored="1" total="2" passed="1" failed="0" skipped="0">
  <reporter-output>
  </reporter-output>
  <suite started-at="2023-08-02T16:03:58 IST" name="Default suite" finished-at="2023-08-02T16:04:07 IST" duration-ms="9126">
    <groups>
    </groups>
    <test started-at="2023-08-02T16:03:58 IST" name="Default test" finished-at="2023-08-02T16:04:07 IST" duration-ms="9126">
      <class name="pack1.NewTest">
        <test-method signature="a()[pri:0, instance:pack1.NewTest@43195e57]" started-at="2023-08-02T16:03:58 IST" name="a" finished-at="2023-08-02T16:04:07 IST" duration-ms="9091" status="PASS">
          <reporter-output>
          </reporter-output>
        </test-method> <!-- a -->
      </class> <!-- pack1.NewTest -->
    </test> <!-- Default test -->
  </suite> <!-- Default suite -->
</testng-results>
