<?xml version="1.0" encoding="UTF-8"?>
<testng-results ignored="0" total="2" passed="2" failed="0" skipped="0">
  <reporter-output>
  </reporter-output>
  <suite started-at="2023-08-02T15:18:04 IST" name="Suite" finished-at="2023-08-02T15:18:18 IST" duration-ms="14076">
    <groups>
    </groups>
    <test started-at="2023-08-02T15:18:04 IST" name="Test" finished-at="2023-08-02T15:18:18 IST" duration-ms="14076">
      <class name="pack1.NewTest">
        <test-method signature="a()[pri:0, instance:pack1.NewTest@778d1062]" started-at="2023-08-02T15:18:04 IST" name="a" finished-at="2023-08-02T15:18:15 IST" duration-ms="10852" status="PASS">
          <reporter-output>
          </reporter-output>
        </test-method> <!-- a -->
        <test-method signature="b()[pri:0, instance:pack1.NewTest@778d1062]" started-at="2023-08-02T15:18:15 IST" name="b" finished-at="2023-08-02T15:18:18 IST" duration-ms="3196" status="PASS">
          <reporter-output>
          </reporter-output>
        </test-method> <!-- b -->
      </class> <!-- pack1.NewTest -->
    </test> <!-- Test -->
  </suite> <!-- Suite -->
</testng-results>
